<?xml version="1.0" encoding="UTF-8"?>
<testsuite name="employeepayrollservice.EmployeePayrollServiceTest" tests="1" skipped="0" failures="0" errors="0" timestamp="2020-12-19T08:57:13" hostname="ADMIN-PC" time="7.144">
  <properties/>
  <testcase name="givenEmployeePayrollDBWhenRetrivedShouldMatchEmployeeCount" classname="employeepayrollservice.EmployeePayrollServiceTest" time="7.144"/>
  <system-out><![CDATA[Connectinng to database:jdbc:mysql://localhost:3306/payroll_service?useSSL=false
Connection is successful!!!com.mysql.jdbc.JDBC4Connection@185660d
]]></system-out>
  <system-err><![CDATA[]]></system-err>
</testsuite>
