<?xml version="1.0" encoding="UTF-8"?>
<testsuite name="employeepayrollservice.EmployeePayrollServiceTest" tests="1" skipped="0" failures="0" errors="0" timestamp="2020-12-19T14:22:38" hostname="ADMIN-PC" time="8.423">
  <properties/>
  <testcase name="givenNewSalaryForEmployeeWhenUpdatedShouldSyncWithDB" classname="employeepayrollservice.EmployeePayrollServiceTest" time="8.423"/>
  <system-out><![CDATA[Connectinng to database:jdbc:mysql://localhost:3306/payroll_service?useSSL=false
Connection is successful!!!com.mysql.jdbc.JDBC4Connection@19577
Connectinng to database:jdbc:mysql://localhost:3306/payroll_service?useSSL=false
Connection is successful!!!com.mysql.jdbc.JDBC4Connection@a84633
Connectinng to database:jdbc:mysql://localhost:3306/payroll_service?useSSL=false
Connection is successful!!!com.mysql.jdbc.JDBC4Connection@1ef2d9a
]]></system-out>
  <system-err><![CDATA[]]></system-err>
</testsuite>
