<?xml version="1.0" encoding="UTF-8"?>
<testsuite name="employeepayrollservice.EmployeePayrollServiceTest" tests="1" skipped="0" failures="0" errors="0" timestamp="2020-12-20T08:59:43" hostname="ADMIN-PC" time="11.685">
  <properties/>
  <testcase name="givenNewEmployee_WhenAdded_ShouldSyncWithDB" classname="employeepayrollservice.EmployeePayrollServiceTest" time="11.685"/>
  <system-out><![CDATA[Connectinng to database:jdbc:mysql://localhost:3306/payroll_service?useSSL=false
Connection is successful!!!com.mysql.jdbc.JDBC4Connection@1b25229
Connectinng to database:jdbc:mysql://localhost:3306/payroll_service?useSSL=false
Connection is successful!!!com.mysql.jdbc.JDBC4Connection@166c752
Connectinng to database:jdbc:mysql://localhost:3306/payroll_service?useSSL=false
Connection is successful!!!com.mysql.jdbc.JDBC4Connection@1e9e159
]]></system-out>
  <system-err><![CDATA[]]></system-err>
</testsuite>
